<?xml version="1.0" encoding="UTF-8" ?>
<testsuite tests="3" failures="0" name="com.left.jc.test.common.CommonTest" time="0.099" errors="0" skipped="0">
  <properties>
    <property name="idea.version" value="15.0.3"/>
    <property name="java.runtime.name" value="OpenJDK Runtime Environment"/>
    <property name="sun.boot.library.path" value="/Applications/IntelliJ IDEA 15.app/Contents/jre/jdk/Contents/Home/jre/lib"/>
    <property name="java.vm.version" value="25.40-b25"/>
    <property name="gopherProxySet" value="false"/>
    <property name="java.vm.vendor" value="Oracle Corporation"/>
    <property name="java.vendor.url" value="https://www.jetbrains.com/"/>
    <property name="path.separator" value=":"/>
    <property name="guice.disable.misplaced.annotation.check" value="true"/>
    <property name="java.vm.name" value="OpenJDK 64-Bit Server VM"/>
    <property name="file.encoding.pkg" value="sun.io"/>
    <property name="idea.launcher.port" value="7551"/>
    <property name="user.country" value="CN"/>
    <property name="sun.java.launcher" value="SUN_STANDARD"/>
    <property name="sun.os.patch.level" value="unknown"/>
    <property name="java.vm.specification.name" value="Java Virtual Machine Specification"/>
    <property name="user.dir" value="/Users/Jerry/Documents/IdeaProjects/ssmm"/>
    <property name="java.runtime.version" value="1.8.0_40-release-b119"/>
    <property name="java.awt.graphicsenv" value="sun.awt.CGraphicsEnvironment"/>
    <property name="java.endorsed.dirs" value="/Applications/IntelliJ IDEA 15.app/Contents/jre/jdk/Contents/Home/jre/lib/endorsed"/>
    <property name="os.arch" value="x86_64"/>
    <property name="java.io.tmpdir" value="/var/folders/dj/5cr266191hvfp2x6mhzc1q4r0000gn/T/"/>
    <property name="line.separator" value="
"/>
    <property name="java.vm.specification.vendor" value="Oracle Corporation"/>
    <property name="os.name" value="Mac OS X"/>
    <property name="classworlds.conf" value="/Applications/IntelliJ IDEA 15.app/Contents/plugins/maven/lib/maven3/bin/m2.conf"/>
    <property name="sun.jnu.encoding" value="UTF-8"/>
    <property name="java.library.path" value="/Users/Jerry/Library/Java/Extensions:/Library/Java/Extensions:/Network/Library/Java/Extensions:/System/Library/Java/Extensions:/usr/lib/java:."/>
    <property name="java.specification.name" value="Java Platform API Specification"/>
    <property name="java.class.version" value="52.0"/>
    <property name="sun.management.compiler" value="HotSpot 64-Bit Tiered Compilers"/>
    <property name="os.version" value="10.11.3"/>
    <property name="http.nonProxyHosts" value="local|*.local|169.254/16|*.169.254/16"/>
    <property name="user.home" value="/Users/Jerry"/>
    <property name="user.timezone" value="Asia/Shanghai"/>
    <property name="java.awt.printerjob" value="sun.lwawt.macosx.CPrinterJob"/>
    <property name="java.specification.version" value="1.8"/>
    <property name="idea.launcher.bin.path" value="/Applications/IntelliJ IDEA 15.app/Contents/bin"/>
    <property name="file.encoding" value="UTF-8"/>
    <property name="user.name" value="Jerry"/>
    <property name="java.class.path" value="/Applications/IntelliJ IDEA 15.app/Contents/plugins/maven/lib/maven3/boot/plexus-classworlds-2.4.jar:/Applications/IntelliJ IDEA 15.app/Contents/lib/idea_rt.jar"/>
    <property name="java.vm.specification.version" value="1.8"/>
    <property name="sun.arch.data.model" value="64"/>
    <property name="java.home" value="/Applications/IntelliJ IDEA 15.app/Contents/jre/jdk/Contents/Home/jre"/>
    <property name="sun.java.command" value="com.intellij.rt.execution.application.AppMain org.codehaus.classworlds.Launcher -Didea.version=15.0.3 package"/>
    <property name="java.specification.vendor" value="Oracle Corporation"/>
    <property name="user.language" value="zh"/>
    <property name="awt.toolkit" value="sun.lwawt.macosx.LWCToolkit"/>
    <property name="java.vm.info" value="mixed mode"/>
    <property name="java.version" value="1.8.0_40-release"/>
    <property name="java.ext.dirs" value="/Users/Jerry/Library/Java/Extensions:/Applications/IntelliJ IDEA 15.app/Contents/jre/jdk/Contents/Home/jre/lib/ext:/Library/Java/Extensions:/Network/Library/Java/Extensions:/System/Library/Java/Extensions:/usr/lib/java"/>
    <property name="sun.boot.class.path" value="/Applications/IntelliJ IDEA 15.app/Contents/jre/jdk/Contents/Home/jre/lib/resources.jar:/Applications/IntelliJ IDEA 15.app/Contents/jre/jdk/Contents/Home/jre/lib/rt.jar:/Applications/IntelliJ IDEA 15.app/Contents/jre/jdk/Contents/Home/jre/lib/sunrsasign.jar:/Applications/IntelliJ IDEA 15.app/Contents/jre/jdk/Contents/Home/jre/lib/jsse.jar:/Applications/IntelliJ IDEA 15.app/Contents/jre/jdk/Contents/Home/jre/lib/jce.jar:/Applications/IntelliJ IDEA 15.app/Contents/jre/jdk/Contents/Home/jre/lib/charsets.jar:/Applications/IntelliJ IDEA 15.app/Contents/jre/jdk/Contents/Home/jre/lib/jfr.jar:/Applications/IntelliJ IDEA 15.app/Contents/jre/jdk/Contents/Home/jre/classes"/>
    <property name="java.vendor" value="JetBrains s.r.o"/>
    <property name="maven.home" value="/Applications/IntelliJ IDEA 15.app/Contents/plugins/maven/lib/maven3"/>
    <property name="file.separator" value="/"/>
    <property name="java.vendor.url.bug" value="https://youtrack.jetbrains.com"/>
    <property name="sun.cpu.endian" value="little"/>
    <property name="sun.io.unicode.encoding" value="UnicodeBig"/>
    <property name="socksNonProxyHosts" value="local|*.local|169.254/16|*.169.254/16"/>
    <property name="ftp.nonProxyHosts" value="local|*.local|169.254/16|*.169.254/16"/>
    <property name="sun.cpu.isalist" value=""/>
  </properties>
  <testcase classname="com.left.jc.test.common.CommonTest" name="testSimpleDateFromat" time="0.012"/>
  <testcase classname="com.left.jc.test.common.CommonTest" name="testFileUtls" time="0"/>
  <testcase classname="com.left.jc.test.common.CommonTest" name="testRandomString" time="0"/>
</testsuite>